[1116/164727.009:ERROR:process_reader_win.cc(151)] SuspendThread: Access is denied. (0x5)
[1116/164727.009:ERROR:exception_snapshot_win.cc(99)] thread ID 14500 not found in process
[1116/164727.009:ERROR:scoped_process_suspend.cc(40)] NtResumeProcess: An attempt was made to access an exiting process. (0xc000010a)
[1116/175319.968:ERROR:directory_reader_win.cc(43)] FindFirstFile: The system cannot find the path specified. (0x3)
[1116/180446.730:ERROR:directory_reader_win.cc(43)] FindFirstFile: The system cannot find the path specified. (0x3)
[1117/071554.269:ERROR:directory_reader_win.cc(43)] FindFirstFile: The system cannot find the path specified. (0x3)
[1117/163537.090:ERROR:directory_reader_win.cc(43)] FindFirstFile: The system cannot find the path specified. (0x3)
[1117/193300.162:ERROR:directory_reader_win.cc(43)] FindFirstFile: The system cannot find the path specified. (0x3)
[1118/070904.254:ERROR:directory_reader_win.cc(43)] FindFirstFile: The system cannot find the path specified. (0x3)
[1118/131144.229:ERROR:directory_reader_win.cc(43)] FindFirstFile: The system cannot find the path specified. (0x3)
[1118/152418.877:ERROR:directory_reader_win.cc(43)] FindFirstFile: The system cannot find the path specified. (0x3)
[1118/155633.986:ERROR:directory_reader_win.cc(43)] FindFirstFile: The system cannot find the path specified. (0x3)
[1118/155712.747:ERROR:process_reader_win.cc(123)] NtOpenThread: {Access Denied} A process has requested access to an object, but has not been granted those access rights. (0xc0000022)
[1118/155712.748:ERROR:exception_snapshot_win.cc(99)] thread ID 9388 not found in process
[1118/155712.758:ERROR:process_reader_win.cc(123)] NtOpenThread: {Access Denied} A process has requested access to an object, but has not been granted those access rights. (0xc0000022)
[1118/155712.758:ERROR:exception_snapshot_win.cc(99)] thread ID 9184 not found in process
[1118/155912.802:ERROR:process_reader_win.cc(123)] NtOpenThread: {Access Denied} A process has requested access to an object, but has not been granted those access rights. (0xc0000022)
[1118/155912.802:ERROR:exception_snapshot_win.cc(99)] thread ID 7116 not found in process
[1118/155912.812:ERROR:process_reader_win.cc(123)] NtOpenThread: {Access Denied} A process has requested access to an object, but has not been granted those access rights. (0xc0000022)
[1118/155912.812:ERROR:exception_snapshot_win.cc(99)] thread ID 12992 not found in process
[1118/160150.782:ERROR:process_reader_win.cc(123)] NtOpenThread: {Access Denied} A process has requested access to an object, but has not been granted those access rights. (0xc0000022)
[1118/160150.782:ERROR:exception_snapshot_win.cc(99)] thread ID 2764 not found in process
[1118/160150.783:ERROR:process_reader_win.cc(123)] NtOpenThread: {Access Denied} A process has requested access to an object, but has not been granted those access rights. (0xc0000022)
[1118/160150.783:ERROR:exception_snapshot_win.cc(99)] thread ID 4772 not found in process
[1118/160150.791:ERROR:process_reader_win.cc(123)] NtOpenThread: {Access Denied} A process has requested access to an object, but has not been granted those access rights. (0xc0000022)
[1118/160150.791:ERROR:exception_snapshot_win.cc(99)] thread ID 900 not found in process
[1118/160330.659:ERROR:process_reader_win.cc(123)] NtOpenThread: {Access Denied} A process has requested access to an object, but has not been granted those access rights. (0xc0000022)
[1118/160330.659:ERROR:process_reader_win.cc(123)] NtOpenThread: {Access Denied} A process has requested access to an object, but has not been granted those access rights. (0xc0000022)
[1118/160330.660:ERROR:exception_snapshot_win.cc(99)] thread ID 11976 not found in process
[1118/160330.660:ERROR:exception_snapshot_win.cc(99)] thread ID 5484 not found in process
[1118/160330.669:ERROR:process_reader_win.cc(123)] NtOpenThread: {Access Denied} A process has requested access to an object, but has not been granted those access rights. (0xc0000022)
[1118/160330.670:ERROR:exception_snapshot_win.cc(99)] thread ID 9640 not found in process
[1118/160354.510:ERROR:process_reader_win.cc(123)] NtOpenThread: {Access Denied} A process has requested access to an object, but has not been granted those access rights. (0xc0000022)
[1118/160354.511:ERROR:exception_snapshot_win.cc(99)] thread ID 3508 not found in process
[1118/160354.518:ERROR:process_reader_win.cc(123)] NtOpenThread: {Access Denied} A process has requested access to an object, but has not been granted those access rights. (0xc0000022)
[1118/160354.519:ERROR:exception_snapshot_win.cc(99)] thread ID 6728 not found in process
[1118/161344.355:ERROR:process_reader_win.cc(123)] NtOpenThread: {Access Denied} A process has requested access to an object, but has not been granted those access rights. (0xc0000022)
[1118/161344.356:ERROR:exception_snapshot_win.cc(99)] thread ID 15200 not found in process
[1118/161344.365:ERROR:process_reader_win.cc(123)] NtOpenThread: {Access Denied} A process has requested access to an object, but has not been granted those access rights. (0xc0000022)
[1118/161344.365:ERROR:exception_snapshot_win.cc(99)] thread ID 11988 not found in process
[1118/161835.457:ERROR:process_reader_win.cc(123)] NtOpenThread: {Access Denied} A process has requested access to an object, but has not been granted those access rights. (0xc0000022)
[1118/161835.457:ERROR:exception_snapshot_win.cc(99)] thread ID 9092 not found in process
[1118/161835.467:ERROR:process_reader_win.cc(123)] NtOpenThread: {Access Denied} A process has requested access to an object, but has not been granted those access rights. (0xc0000022)
[1118/161835.467:ERROR:exception_snapshot_win.cc(99)] thread ID 2296 not found in process
[1118/162420.507:ERROR:process_reader_win.cc(151)] SuspendThread: Access is denied. (0x5)
[1118/162420.507:ERROR:exception_snapshot_win.cc(99)] thread ID 15848 not found in process
[1118/162420.508:ERROR:scoped_process_suspend.cc(40)] NtResumeProcess: An attempt was made to access an exiting process. (0xc000010a)
[1118/172034.006:ERROR:process_reader_win.cc(123)] NtOpenThread: {Access Denied} A process has requested access to an object, but has not been granted those access rights. (0xc0000022)
[1118/172034.006:ERROR:exception_snapshot_win.cc(99)] thread ID 11724 not found in process
[1118/172034.016:ERROR:process_reader_win.cc(123)] NtOpenThread: {Access Denied} A process has requested access to an object, but has not been granted those access rights. (0xc0000022)
[1118/172034.016:ERROR:exception_snapshot_win.cc(99)] thread ID 13124 not found in process
[1118/172939.046:ERROR:directory_reader_win.cc(43)] FindFirstFile: The system cannot find the path specified. (0x3)
[1118/174953.273:ERROR:directory_reader_win.cc(43)] FindFirstFile: The system cannot find the path specified. (0x3)
[1119/073736.289:ERROR:directory_reader_win.cc(43)] FindFirstFile: The system cannot find the path specified. (0x3)
[1120/153146.447:ERROR:directory_reader_win.cc(43)] FindFirstFile: The system cannot find the path specified. (0x3)
[1127/110357.269:ERROR:directory_reader_win.cc(43)] FindFirstFile: The system cannot find the path specified. (0x3)
[1128/144920.637:ERROR:directory_reader_win.cc(43)] FindFirstFile: The system cannot find the path specified. (0x3)
[1129/084139.219:ERROR:directory_reader_win.cc(43)] FindFirstFile: The system cannot find the path specified. (0x3)
[1129/115032.875:ERROR:directory_reader_win.cc(43)] FindFirstFile: The system cannot find the path specified. (0x3)
[1129/211656.565:ERROR:directory_reader_win.cc(43)] FindFirstFile: The system cannot find the path specified. (0x3)
[1130/073448.774:ERROR:process_memory_win.cc(73)] ReadMemory at 0x3cee100000 of 1048576 bytes failed: Only part of a ReadProcessMemory or WriteProcessMemory request was completed. (0x12B)
[1130/073448.776:ERROR:process_memory_win.cc(73)] ReadMemory at 0x3ce5834000 of 852 bytes failed: Only part of a ReadProcessMemory or WriteProcessMemory request was completed. (0x12B)
[1130/073448.776:ERROR:process_memory_win.cc(73)] ReadMemory at 0x3ce588d000 of 6024 bytes failed: Only part of a ReadProcessMemory or WriteProcessMemory request was completed. (0x12B)
[1130/073448.776:ERROR:process_memory_win.cc(73)] ReadMemory at 0x14665750fe0 of 9352 bytes failed: Only part of a ReadProcessMemory or WriteProcessMemory request was completed. (0x12B)
[1130/073448.776:ERROR:process_memory_win.cc(73)] ReadMemory at 0x14665753470 of 1012 bytes failed: Only part of a ReadProcessMemory or WriteProcessMemory request was completed. (0x12B)
[1130/073448.776:ERROR:process_memory_win.cc(73)] ReadMemory at 0x14665753ab8 of 118 bytes failed: Only part of a ReadProcessMemory or WriteProcessMemory request was completed. (0x12B)
[1130/073448.776:ERROR:process_memory_win.cc(73)] ReadMemory at 0x14665753b30 of 1134 bytes failed: Only part of a ReadProcessMemory or WriteProcessMemory request was completed. (0x12B)
[1130/073448.776:ERROR:process_memory_win.cc(73)] ReadMemory at 0x14665753fa0 of 118 bytes failed: Only part of a ReadProcessMemory or WriteProcessMemory request was completed. (0x12B)
[1130/073448.776:ERROR:process_memory_win.cc(73)] ReadMemory at 0x14665754018 of 30 bytes failed: Only part of a ReadProcessMemory or WriteProcessMemory request was completed. (0x12B)
[1130/073448.776:ERROR:process_memory_win.cc(73)] ReadMemory at 0x14665754050 of 58 bytes failed: Only part of a ReadProcessMemory or WriteProcessMemory request was completed. (0x12B)
[1130/073448.776:ERROR:process_memory_win.cc(73)] ReadMemory at 0x14665754150 of 132 bytes failed: Only part of a ReadProcessMemory or WriteProcessMemory request was completed. (0x12B)
[1130/073448.776:ERROR:process_memory_win.cc(73)] ReadMemory at 0x146657542e0 of 132 bytes failed: Only part of a ReadProcessMemory or WriteProcessMemory request was completed. (0x12B)
[1130/073448.776:ERROR:process_memory_win.cc(73)] ReadMemory at 0x146657549a0 of 132 bytes failed: Only part of a ReadProcessMemory or WriteProcessMemory request was completed. (0x12B)
[1130/073448.776:ERROR:process_memory_win.cc(73)] ReadMemory at 0x14665754b30 of 64 bytes failed: Only part of a ReadProcessMemory or WriteProcessMemory request was completed. (0x12B)
[1130/073448.776:ERROR:process_memory_win.cc(73)] ReadMemory at 0x14665754cf0 of 132 bytes failed: Only part of a ReadProcessMemory or WriteProcessMemory request was completed. (0x12B)
[1130/073448.776:ERROR:process_memory_win.cc(73)] ReadMemory at 0x14665754f90 of 132 bytes failed: Only part of a ReadProcessMemory or WriteProcessMemory request was completed. (0x12B)
[1130/073448.776:ERROR:process_memory_win.cc(73)] ReadMemory at 0x14665755120 of 68 bytes failed: Only part of a ReadProcessMemory or WriteProcessMemory request was completed. (0x12B)
[1130/073448.776:ERROR:process_memory_win.cc(73)] ReadMemory at 0x146657562a0 of 132 bytes failed: Only part of a ReadProcessMemory or WriteProcessMemory request was completed. (0x12B)
[1130/073448.776:ERROR:process_memory_win.cc(73)] ReadMemory at 0x14665756430 of 154 bytes failed: Only part of a ReadProcessMemory or WriteProcessMemory request was completed. (0x12B)
[1130/073448.776:ERROR:process_memory_win.cc(73)] ReadMemory at 0x14665757100 of 62 bytes failed: Only part of a ReadProcessMemory or WriteProcessMemory request was completed. (0x12B)
[1130/073448.776:ERROR:process_memory_win.cc(73)] ReadMemory at 0x146657572f0 of 132 bytes failed: Only part of a ReadProcessMemory or WriteProcessMemory request was completed. (0x12B)
[1130/073448.776:ERROR:process_memory_win.cc(73)] ReadMemory at 0x14665757420 of 60 bytes failed: Only part of a ReadProcessMemory or WriteProcessMemory request was completed. (0x12B)
[1130/073448.776:ERROR:process_memory_win.cc(73)] ReadMemory at 0x1466575c860 of 64 bytes failed: Only part of a ReadProcessMemory or WriteProcessMemory request was completed. (0x12B)
[1130/073448.776:ERROR:process_memory_win.cc(73)] ReadMemory at 0x1466575c9f0 of 62 bytes failed: Only part of a ReadProcessMemory or WriteProcessMemory request was completed. (0x12B)
[1130/073448.776:ERROR:process_memory_win.cc(73)] ReadMemory at 0x1466575cb30 of 64 bytes failed: Only part of a ReadProcessMemory or WriteProcessMemory request was completed. (0x12B)
[1130/073448.776:ERROR:process_memory_win.cc(73)] ReadMemory at 0x1466575cc20 of 66 bytes failed: Only part of a ReadProcessMemory or WriteProcessMemory request was completed. (0x12B)
[1130/073448.776:ERROR:process_memory_win.cc(73)] ReadMemory at 0x14665765930 of 132 bytes failed: Only part of a ReadProcessMemory or WriteProcessMemory request was completed. (0x12B)
[1130/073448.776:ERROR:process_memory_win.cc(73)] ReadMemory at 0x14665765b40 of 132 bytes failed: Only part of a ReadProcessMemory or WriteProcessMemory request was completed. (0x12B)
[1130/073448.776:ERROR:process_memory_win.cc(73)] ReadMemory at 0x14665768430 of 80 bytes failed: Only part of a ReadProcessMemory or WriteProcessMemory request was completed. (0x12B)
[1130/073448.776:ERROR:process_memory_win.cc(73)] ReadMemory at 0x146657685b0 of 80 bytes failed: Only part of a ReadProcessMemory or WriteProcessMemory request was completed. (0x12B)
[1130/073448.776:ERROR:process_memory_win.cc(73)] ReadMemory at 0x1466576a070 of 60 bytes failed: Only part of a ReadProcessMemory or WriteProcessMemory request was completed. (0x12B)
[1130/073448.776:ERROR:process_memory_win.cc(73)] ReadMemory at 0x1466576a110 of 60 bytes failed: Only part of a ReadProcessMemory or WriteProcessMemory request was completed. (0x12B)
[1130/073448.776:ERROR:process_memory_win.cc(73)] ReadMemory at 0x1466576a1b0 of 60 bytes failed: Only part of a ReadProcessMemory or WriteProcessMemory request was completed. (0x12B)
[1130/073448.777:ERROR:process_memory_win.cc(73)] ReadMemory at 0x1466576a200 of 66 bytes failed: Only part of a ReadProcessMemory or WriteProcessMemory request was completed. (0x12B)
[1130/073448.777:ERROR:process_memory_win.cc(73)] ReadMemory at 0x1466576a390 of 58 bytes failed: Only part of a ReadProcessMemory or WriteProcessMemory request was completed. (0x12B)
[1130/073448.777:ERROR:process_memory_win.cc(73)] ReadMemory at 0x1466576a480 of 62 bytes failed: Only part of a ReadProcessMemory or WriteProcessMemory request was completed. (0x12B)
[1130/073448.777:ERROR:process_memory_win.cc(73)] ReadMemory at 0x1466576a4d0 of 64 bytes failed: Only part of a ReadProcessMemory or WriteProcessMemory request was completed. (0x12B)
[1130/073448.777:ERROR:process_memory_win.cc(73)] ReadMemory at 0x1466576a520 of 64 bytes failed: Only part of a ReadProcessMemory or WriteProcessMemory request was completed. (0x12B)
[1130/073448.777:ERROR:process_memory_win.cc(73)] ReadMemory at 0x1466576a610 of 64 bytes failed: Only part of a ReadProcessMemory or WriteProcessMemory request was completed. (0x12B)
[1130/073448.777:ERROR:process_memory_win.cc(73)] ReadMemory at 0x1466576a660 of 62 bytes failed: Only part of a ReadProcessMemory or WriteProcessMemory request was completed. (0x12B)
[1130/073448.777:ERROR:process_memory_win.cc(73)] ReadMemory at 0x1466576a6b0 of 62 bytes failed: Only part of a ReadProcessMemory or WriteProcessMemory request was completed. (0x12B)
[1130/073448.777:ERROR:process_memory_win.cc(73)] ReadMemory at 0x1466576a700 of 62 bytes failed: Only part of a ReadProcessMemory or WriteProcessMemory request was completed. (0x12B)
[1130/073448.777:ERROR:process_memory_win.cc(73)] ReadMemory at 0x1466576a930 of 62 bytes failed: Only part of a ReadProcessMemory or WriteProcessMemory request was completed. (0x12B)
[1130/073448.777:ERROR:process_memory_win.cc(73)] ReadMemory at 0x1466576a980 of 62 bytes failed: Only part of a ReadProcessMemory or WriteProcessMemory request was completed. (0x12B)
[1130/073448.777:ERROR:process_memory_win.cc(73)] ReadMemory at 0x1466576a9d0 of 64 bytes failed: Only part of a ReadProcessMemory or WriteProcessMemory request was completed. (0x12B)
[1130/073448.777:ERROR:process_memory_win.cc(73)] ReadMemory at 0x1466576aa70 of 60 bytes failed: Only part of a ReadProcessMemory or WriteProcessMemory request was completed. (0x12B)
[1130/073448.777:ERROR:process_memory_win.cc(73)] ReadMemory at 0x1466576aac0 of 60 bytes failed: Only part of a ReadProcessMemory or WriteProcessMemory request was completed. (0x12B)
[1130/073448.777:ERROR:process_memory_win.cc(73)] ReadMemory at 0x1466576ab60 of 62 bytes failed: Only part of a ReadProcessMemory or WriteProcessMemory request was completed. (0x12B)
[1130/073448.777:ERROR:process_memory_win.cc(73)] ReadMemory at 0x1466576abb0 of 58 bytes failed: Only part of a ReadProcessMemory or WriteProcessMemory request was completed. (0x12B)
[1130/073448.777:ERROR:process_memory_win.cc(73)] ReadMemory at 0x1466576ac00 of 66 bytes failed: Only part of a ReadProcessMemory or WriteProcessMemory request was completed. (0x12B)
[1130/073448.777:ERROR:process_memory_win.cc(73)] ReadMemory at 0x1466576aca0 of 60 bytes failed: Only part of a ReadProcessMemory or WriteProcessMemory request was completed. (0x12B)
[1130/073448.777:ERROR:process_memory_win.cc(73)] ReadMemory at 0x1466576ad40 of 64 bytes failed: Only part of a ReadProcessMemory or WriteProcessMemory request was completed. (0x12B)
[1130/073448.777:ERROR:process_memory_win.cc(73)] ReadMemory at 0x1466576ade0 of 64 bytes failed: Only part of a ReadProcessMemory or WriteProcessMemory request was completed. (0x12B)
[1130/073448.777:ERROR:process_memory_win.cc(73)] ReadMemory at 0x1466576ae30 of 58 bytes failed: Only part of a ReadProcessMemory or WriteProcessMemory request was completed. (0x12B)
[1130/073448.777:ERROR:process_memory_win.cc(73)] ReadMemory at 0x1466576aed0 of 60 bytes failed: Only part of a ReadProcessMemory or WriteProcessMemory request was completed. (0x12B)
[1130/073448.777:ERROR:process_memory_win.cc(73)] ReadMemory at 0x1466576c340 of 132 bytes failed: Only part of a ReadProcessMemory or WriteProcessMemory request was completed. (0x12B)
[1130/073448.777:ERROR:process_memory_win.cc(73)] ReadMemory at 0x1466576c470 of 132 bytes failed: Only part of a ReadProcessMemory or WriteProcessMemory request was completed. (0x12B)
[1130/073448.777:ERROR:process_memory_win.cc(73)] ReadMemory at 0x1466576c910 of 132 bytes failed: Only part of a ReadProcessMemory or WriteProcessMemory request was completed. (0x12B)
[1130/073448.777:ERROR:process_memory_win.cc(73)] ReadMemory at 0x1466576ca40 of 132 bytes failed: Only part of a ReadProcessMemory or WriteProcessMemory request was completed. (0x12B)
[1130/073448.777:ERROR:process_memory_win.cc(73)] ReadMemory at 0x1466576cdb0 of 132 bytes failed: Only part of a ReadProcessMemory or WriteProcessMemory request was completed. (0x12B)
[1130/073448.777:ERROR:process_memory_win.cc(73)] ReadMemory at 0x1466576d240 of 132 bytes failed: Only part of a ReadProcessMemory or WriteProcessMemory request was completed. (0x12B)
[1130/073448.777:ERROR:process_memory_win.cc(73)] ReadMemory at 0x1466576d370 of 132 bytes failed: Only part of a ReadProcessMemory or WriteProcessMemory request was completed. (0x12B)
[1130/073448.777:ERROR:process_memory_win.cc(73)] ReadMemory at 0x1466576d4a0 of 132 bytes failed: Only part of a ReadProcessMemory or WriteProcessMemory request was completed. (0x12B)
[1130/073448.777:ERROR:process_memory_win.cc(73)] ReadMemory at 0x1466576d5d0 of 132 bytes failed: Only part of a ReadProcessMemory or WriteProcessMemory request was completed. (0x12B)
[1130/073448.777:ERROR:process_memory_win.cc(73)] ReadMemory at 0x1466576d700 of 132 bytes failed: Only part of a ReadProcessMemory or WriteProcessMemory request was completed. (0x12B)
[1130/073448.777:ERROR:process_memory_win.cc(73)] ReadMemory at 0x1466576d830 of 132 bytes failed: Only part of a ReadProcessMemory or WriteProcessMemory request was completed. (0x12B)
[1130/073448.777:ERROR:process_memory_win.cc(73)] ReadMemory at 0x1466576d960 of 132 bytes failed: Only part of a ReadProcessMemory or WriteProcessMemory request was completed. (0x12B)
[1130/073448.777:ERROR:process_memory_win.cc(73)] ReadMemory at 0x1466576da90 of 132 bytes failed: Only part of a ReadProcessMemory or WriteProcessMemory request was completed. (0x12B)
[1130/073448.777:ERROR:process_memory_win.cc(73)] ReadMemory at 0x1466576dbc0 of 132 bytes failed: Only part of a ReadProcessMemory or WriteProcessMemory request was completed. (0x12B)
[1130/073448.777:ERROR:process_memory_win.cc(73)] ReadMemory at 0x1466576dcf0 of 132 bytes failed: Only part of a ReadProcessMemory or WriteProcessMemory request was completed. (0x12B)
[1130/073448.777:ERROR:process_memory_win.cc(73)] ReadMemory at 0x1466576de20 of 132 bytes failed: Only part of a ReadProcessMemory or WriteProcessMemory request was completed. (0x12B)
[1130/073448.777:ERROR:process_memory_win.cc(73)] ReadMemory at 0x1466576df50 of 132 bytes failed: Only part of a ReadProcessMemory or WriteProcessMemory request was completed. (0x12B)
[1130/073448.778:ERROR:process_memory_win.cc(73)] ReadMemory at 0x1466576e080 of 132 bytes failed: Only part of a ReadProcessMemory or WriteProcessMemory request was completed. (0x12B)
[1130/073448.778:ERROR:process_memory_win.cc(73)] ReadMemory at 0x1466576eb40 of 132 bytes failed: Only part of a ReadProcessMemory or WriteProcessMemory request was completed. (0x12B)
[1130/073448.778:ERROR:process_memory_win.cc(73)] ReadMemory at 0x1466576ed20 of 132 bytes failed: Only part of a ReadProcessMemory or WriteProcessMemory request was completed. (0x12B)
[1130/073448.778:ERROR:process_memory_win.cc(73)] ReadMemory at 0x14665775760 of 54 bytes failed: Only part of a ReadProcessMemory or WriteProcessMemory request was completed. (0x12B)
[1130/073448.778:ERROR:process_memory_win.cc(73)] ReadMemory at 0x14665779ec0 of 146 bytes failed: Only part of a ReadProcessMemory or WriteProcessMemory request was completed. (0x12B)
[1130/073448.778:ERROR:process_memory_win.cc(73)] ReadMemory at 0x1466577a800 of 132 bytes failed: Only part of a ReadProcessMemory or WriteProcessMemory request was completed. (0x12B)
[1130/073448.778:ERROR:process_memory_win.cc(73)] ReadMemory at 0x1466577a930 of 132 bytes failed: Only part of a ReadProcessMemory or WriteProcessMemory request was completed. (0x12B)
[1130/073448.778:ERROR:process_memory_win.cc(73)] ReadMemory at 0x1466577aa60 of 132 bytes failed: Only part of a ReadProcessMemory or WriteProcessMemory request was completed. (0x12B)
[1130/073448.778:ERROR:process_memory_win.cc(73)] ReadMemory at 0x1466577ab90 of 132 bytes failed: Only part of a ReadProcessMemory or WriteProcessMemory request was completed. (0x12B)
[1130/073448.778:ERROR:process_memory_win.cc(73)] ReadMemory at 0x1466577acc0 of 132 bytes failed: Only part of a ReadProcessMemory or WriteProcessMemory request was completed. (0x12B)
[1130/073448.778:ERROR:process_memory_win.cc(73)] ReadMemory at 0x1466577adf0 of 132 bytes failed: Only part of a ReadProcessMemory or WriteProcessMemory request was completed. (0x12B)
[1130/073448.778:ERROR:process_memory_win.cc(73)] ReadMemory at 0x1466577af20 of 132 bytes failed: Only part of a ReadProcessMemory or WriteProcessMemory request was completed. (0x12B)
[1130/073448.778:ERROR:process_memory_win.cc(73)] ReadMemory at 0x1466577b050 of 132 bytes failed: Only part of a ReadProcessMemory or WriteProcessMemory request was completed. (0x12B)
[1130/073448.778:ERROR:process_memory_win.cc(73)] ReadMemory at 0x1466577b180 of 132 bytes failed: Only part of a ReadProcessMemory or WriteProcessMemory request was completed. (0x12B)
[1130/073448.778:ERROR:process_memory_win.cc(73)] ReadMemory at 0x1466577b2b0 of 132 bytes failed: Only part of a ReadProcessMemory or WriteProcessMemory request was completed. (0x12B)
[1130/073448.778:ERROR:process_memory_win.cc(73)] ReadMemory at 0x1466577b3e0 of 132 bytes failed: Only part of a ReadProcessMemory or WriteProcessMemory request was completed. (0x12B)
[1130/073448.778:ERROR:process_memory_win.cc(73)] ReadMemory at 0x1466577b510 of 132 bytes failed: Only part of a ReadProcessMemory or WriteProcessMemory request was completed. (0x12B)
[1130/073448.778:ERROR:process_memory_win.cc(73)] ReadMemory at 0x1466577b640 of 132 bytes failed: Only part of a ReadProcessMemory or WriteProcessMemory request was completed. (0x12B)
[1130/073448.778:ERROR:process_memory_win.cc(73)] ReadMemory at 0x1466577b770 of 132 bytes failed: Only part of a ReadProcessMemory or WriteProcessMemory request was completed. (0x12B)
[1130/073448.778:ERROR:process_memory_win.cc(73)] ReadMemory at 0x1466577b8a0 of 132 bytes failed: Only part of a ReadProcessMemory or WriteProcessMemory request was completed. (0x12B)
[1130/073448.778:ERROR:process_memory_win.cc(73)] ReadMemory at 0x1466577b9d0 of 132 bytes failed: Only part of a ReadProcessMemory or WriteProcessMemory request was completed. (0x12B)
[1130/073448.778:ERROR:process_memory_win.cc(73)] ReadMemory at 0x1466577bb00 of 132 bytes failed: Only part of a ReadProcessMemory or WriteProcessMemory request was completed. (0x12B)
[1130/073448.778:ERROR:process_memory_win.cc(73)] ReadMemory at 0x1466577bc30 of 132 bytes failed: Only part of a ReadProcessMemory or WriteProcessMemory request was completed. (0x12B)
[1130/073448.778:ERROR:process_memory_win.cc(73)] ReadMemory at 0x1466577bd60 of 132 bytes failed: Only part of a ReadProcessMemory or WriteProcessMemory request was completed. (0x12B)
[1130/073448.778:ERROR:process_memory_win.cc(73)] ReadMemory at 0x1466577be90 of 132 bytes failed: Only part of a ReadProcessMemory or WriteProcessMemory request was completed. (0x12B)
[1130/073448.778:ERROR:process_memory_win.cc(73)] ReadMemory at 0x1466577c0f0 of 132 bytes failed: Only part of a ReadProcessMemory or WriteProcessMemory request was completed. (0x12B)
[1130/073448.778:ERROR:process_memory_win.cc(73)] ReadMemory at 0x1466577c220 of 132 bytes failed: Only part of a ReadProcessMemory or WriteProcessMemory request was completed. (0x12B)
[1130/073448.778:ERROR:process_memory_win.cc(73)] ReadMemory at 0x1466577c350 of 132 bytes failed: Only part of a ReadProcessMemory or WriteProcessMemory request was completed. (0x12B)
[1130/073448.779:ERROR:process_memory_win.cc(73)] ReadMemory at 0x1466577c480 of 132 bytes failed: Only part of a ReadProcessMemory or WriteProcessMemory request was completed. (0x12B)
[1130/073448.779:ERROR:process_memory_win.cc(73)] ReadMemory at 0x1466577c5b0 of 132 bytes failed: Only part of a ReadProcessMemory or WriteProcessMemory request was completed. (0x12B)
[1130/073448.779:ERROR:process_memory_win.cc(73)] ReadMemory at 0x1466577ee90 of 78 bytes failed: Only part of a ReadProcessMemory or WriteProcessMemory request was completed. (0x12B)
[1130/073448.779:ERROR:process_memory_win.cc(73)] ReadMemory at 0x1466577f6d0 of 76 bytes failed: Only part of a ReadProcessMemory or WriteProcessMemory request was completed. (0x12B)
[1130/073448.779:ERROR:process_memory_win.cc(73)] ReadMemory at 0x14665780140 of 200 bytes failed: Only part of a ReadProcessMemory or WriteProcessMemory request was completed. (0x12B)
[1130/073448.779:ERROR:process_memory_win.cc(73)] ReadMemory at 0x14665781150 of 62 bytes failed: Only part of a ReadProcessMemory or WriteProcessMemory request was completed. (0x12B)
[1130/073448.779:ERROR:process_memory_win.cc(73)] ReadMemory at 0x14665781510 of 62 bytes failed: Only part of a ReadProcessMemory or WriteProcessMemory request was completed. (0x12B)
[1130/073448.779:ERROR:process_memory_win.cc(73)] ReadMemory at 0x14665781740 of 58 bytes failed: Only part of a ReadProcessMemory or WriteProcessMemory request was completed. (0x12B)
[1130/073448.779:ERROR:process_memory_win.cc(73)] ReadMemory at 0x14665781790 of 62 bytes failed: Only part of a ReadProcessMemory or WriteProcessMemory request was completed. (0x12B)
[1130/073448.779:ERROR:process_memory_win.cc(73)] ReadMemory at 0x146657818d0 of 62 bytes failed: Only part of a ReadProcessMemory or WriteProcessMemory request was completed. (0x12B)
[1130/073448.779:ERROR:process_memory_win.cc(73)] ReadMemory at 0x14665781a60 of 64 bytes failed: Only part of a ReadProcessMemory or WriteProcessMemory request was completed. (0x12B)
[1130/073448.779:ERROR:process_memory_win.cc(73)] ReadMemory at 0x14665781ab0 of 60 bytes failed: Only part of a ReadProcessMemory or WriteProcessMemory request was completed. (0x12B)
[1130/073448.779:ERROR:process_memory_win.cc(73)] ReadMemory at 0x14665781c40 of 62 bytes failed: Only part of a ReadProcessMemory or WriteProcessMemory request was completed. (0x12B)
[1130/073448.779:ERROR:process_memory_win.cc(73)] ReadMemory at 0x14665786120 of 146 bytes failed: Only part of a ReadProcessMemory or WriteProcessMemory request was completed. (0x12B)
[1130/073448.779:ERROR:process_memory_win.cc(73)] ReadMemory at 0x1466579fd10 of 58 bytes failed: Only part of a ReadProcessMemory or WriteProcessMemory request was completed. (0x12B)
[1130/073448.779:ERROR:process_memory_win.cc(73)] ReadMemory at 0x146657a02b0 of 66 bytes failed: Only part of a ReadProcessMemory or WriteProcessMemory request was completed. (0x12B)
[1130/073448.779:ERROR:process_memory_win.cc(73)] ReadMemory at 0x146657aeef0 of 52 bytes failed: Only part of a ReadProcessMemory or WriteProcessMemory request was completed. (0x12B)
[1130/073448.779:ERROR:process_memory_win.cc(73)] ReadMemory at 0x146657b0cb0 of 56 bytes failed: Only part of a ReadProcessMemory or WriteProcessMemory request was completed. (0x12B)
[1130/073448.779:ERROR:process_memory_win.cc(73)] ReadMemory at 0x146657b0df0 of 60 bytes failed: Only part of a ReadProcessMemory or WriteProcessMemory request was completed. (0x12B)
[1130/073448.779:ERROR:process_memory_win.cc(73)] ReadMemory at 0x146657b0f80 of 60 bytes failed: Only part of a ReadProcessMemory or WriteProcessMemory request was completed. (0x12B)
[1130/073448.779:ERROR:process_memory_win.cc(73)] ReadMemory at 0x146657b1c00 of 72 bytes failed: Only part of a ReadProcessMemory or WriteProcessMemory request was completed. (0x12B)
[1130/073448.779:ERROR:process_memory_win.cc(73)] ReadMemory at 0x146657b21a0 of 76 bytes failed: Only part of a ReadProcessMemory or WriteProcessMemory request was completed. (0x12B)
[1130/073448.779:ERROR:process_memory_win.cc(73)] ReadMemory at 0x146657b4af0 of 152 bytes failed: Only part of a ReadProcessMemory or WriteProcessMemory request was completed. (0x12B)
[1130/073448.779:ERROR:process_memory_win.cc(73)] ReadMemory at 0x146657b50e0 of 68 bytes failed: Only part of a ReadProcessMemory or WriteProcessMemory request was completed. (0x12B)
[1130/073448.779:ERROR:process_memory_win.cc(73)] ReadMemory at 0x146657b53b0 of 70 bytes failed: Only part of a ReadProcessMemory or WriteProcessMemory request was completed. (0x12B)
[1130/073448.779:ERROR:process_memory_win.cc(73)] ReadMemory at 0x146657b55e0 of 62 bytes failed: Only part of a ReadProcessMemory or WriteProcessMemory request was completed. (0x12B)
[1130/073448.779:ERROR:process_memory_win.cc(73)] ReadMemory at 0x146657b59f0 of 58 bytes failed: Only part of a ReadProcessMemory or WriteProcessMemory request was completed. (0x12B)
[1130/073448.779:ERROR:process_memory_win.cc(73)] ReadMemory at 0x146657b5bd0 of 62 bytes failed: Only part of a ReadProcessMemory or WriteProcessMemory request was completed. (0x12B)
[1130/073448.779:ERROR:process_memory_win.cc(73)] ReadMemory at 0x146657b6f70 of 132 bytes failed: Only part of a ReadProcessMemory or WriteProcessMemory request was completed. (0x12B)
[1130/073448.779:ERROR:process_memory_win.cc(73)] ReadMemory at 0x146657b70a0 of 132 bytes failed: Only part of a ReadProcessMemory or WriteProcessMemory request was completed. (0x12B)
[1130/073448.780:ERROR:process_memory_win.cc(73)] ReadMemory at 0x146657b71d0 of 132 bytes failed: Only part of a ReadProcessMemory or WriteProcessMemory request was completed. (0x12B)
[1130/073448.780:ERROR:process_memory_win.cc(73)] ReadMemory at 0x146657b7300 of 132 bytes failed: Only part of a ReadProcessMemory or WriteProcessMemory request was completed. (0x12B)
[1130/073448.780:ERROR:process_memory_win.cc(73)] ReadMemory at 0x146657b7430 of 132 bytes failed: Only part of a ReadProcessMemory or WriteProcessMemory request was completed. (0x12B)
[1130/073448.780:ERROR:process_memory_win.cc(73)] ReadMemory at 0x146657b7560 of 132 bytes failed: Only part of a ReadProcessMemory or WriteProcessMemory request was completed. (0x12B)
[1130/073448.780:ERROR:process_memory_win.cc(73)] ReadMemory at 0x146657b7690 of 132 bytes failed: Only part of a ReadProcessMemory or WriteProcessMemory request was completed. (0x12B)
[1130/073448.780:ERROR:process_memory_win.cc(73)] ReadMemory at 0x146657b77c0 of 132 bytes failed: Only part of a ReadProcessMemory or WriteProcessMemory request was completed. (0x12B)
[1130/073448.780:ERROR:process_memory_win.cc(73)] ReadMemory at 0x146657b7a20 of 132 bytes failed: Only part of a ReadProcessMemory or WriteProcessMemory request was completed. (0x12B)
[1130/073448.780:ERROR:process_memory_win.cc(73)] ReadMemory at 0x146657b7db0 of 132 bytes failed: Only part of a ReadProcessMemory or WriteProcessMemory request was completed. (0x12B)
[1130/073448.780:ERROR:process_memory_win.cc(73)] ReadMemory at 0x146657b7ee0 of 132 bytes failed: Only part of a ReadProcessMemory or WriteProcessMemory request was completed. (0x12B)
[1130/073448.780:ERROR:process_memory_win.cc(73)] ReadMemory at 0x146657b8010 of 132 bytes failed: Only part of a ReadProcessMemory or WriteProcessMemory request was completed. (0x12B)
[1130/073448.780:ERROR:process_memory_win.cc(73)] ReadMemory at 0x146657b8140 of 132 bytes failed: Only part of a ReadProcessMemory or WriteProcessMemory request was completed. (0x12B)
[1130/073448.780:ERROR:process_memory_win.cc(73)] ReadMemory at 0x146657b8270 of 132 bytes failed: Only part of a ReadProcessMemory or WriteProcessMemory request was completed. (0x12B)
[1130/073448.780:ERROR:process_memory_win.cc(73)] ReadMemory at 0x146657b84d0 of 132 bytes failed: Only part of a ReadProcessMemory or WriteProcessMemory request was completed. (0x12B)
[1130/073448.780:ERROR:process_memory_win.cc(73)] ReadMemory at 0x146657b8730 of 132 bytes failed: Only part of a ReadProcessMemory or WriteProcessMemory request was completed. (0x12B)
[1130/073448.780:ERROR:process_memory_win.cc(73)] ReadMemory at 0x146657b8860 of 132 bytes failed: Only part of a ReadProcessMemory or WriteProcessMemory request was completed. (0x12B)
[1130/073448.780:ERROR:process_memory_win.cc(73)] ReadMemory at 0x146657b8990 of 132 bytes failed: Only part of a ReadProcessMemory or WriteProcessMemory request was completed. (0x12B)
[1130/073448.780:ERROR:process_memory_win.cc(73)] ReadMemory at 0x146657b8bf0 of 132 bytes failed: Only part of a ReadProcessMemory or WriteProcessMemory request was completed. (0x12B)
[1130/073448.780:ERROR:process_memory_win.cc(73)] ReadMemory at 0x146657b8d20 of 132 bytes failed: Only part of a ReadProcessMemory or WriteProcessMemory request was completed. (0x12B)
[1130/073448.780:ERROR:process_memory_win.cc(73)] ReadMemory at 0x146657c4e80 of 58 bytes failed: Only part of a ReadProcessMemory or WriteProcessMemory request was completed. (0x12B)
[1130/073448.780:ERROR:process_memory_win.cc(73)] ReadMemory at 0x146657c5330 of 60 bytes failed: Only part of a ReadProcessMemory or WriteProcessMemory request was completed. (0x12B)
[1130/073448.780:ERROR:process_memory_win.cc(73)] ReadMemory at 0x146657c5790 of 58 bytes failed: Only part of a ReadProcessMemory or WriteProcessMemory request was completed. (0x12B)
[1130/073448.780:ERROR:process_memory_win.cc(73)] ReadMemory at 0x146657c6e00 of 126 bytes failed: Only part of a ReadProcessMemory or WriteProcessMemory request was completed. (0x12B)
[1130/073448.780:ERROR:process_memory_win.cc(73)] ReadMemory at 0x146657e81d0 of 64 bytes failed: Only part of a ReadProcessMemory or WriteProcessMemory request was completed. (0x12B)
[1130/073448.780:ERROR:process_memory_win.cc(73)] ReadMemory at 0x146657e8ce0 of 190 bytes failed: Only part of a ReadProcessMemory or WriteProcessMemory request was completed. (0x12B)
[1130/073448.781:ERROR:process_memory_win.cc(73)] ReadMemory at 0x146657fce80 of 60 bytes failed: Only part of a ReadProcessMemory or WriteProcessMemory request was completed. (0x12B)
[1130/073448.781:ERROR:process_memory_win.cc(73)] ReadMemory at 0x146657fda60 of 64 bytes failed: Only part of a ReadProcessMemory or WriteProcessMemory request was completed. (0x12B)
[1130/073448.781:ERROR:process_memory_win.cc(73)] ReadMemory at 0x1466580d6c0 of 62 bytes failed: Only part of a ReadProcessMemory or WriteProcessMemory request was completed. (0x12B)
[1130/073448.781:ERROR:process_memory_win.cc(73)] ReadMemory at 0x14668127180 of 132 bytes failed: Only part of a ReadProcessMemory or WriteProcessMemory request was completed. (0x12B)
[1130/073448.781:ERROR:process_memory_win.cc(73)] ReadMemory at 0x146681273e0 of 132 bytes failed: Only part of a ReadProcessMemory or WriteProcessMemory request was completed. (0x12B)
[1130/073448.781:ERROR:process_memory_win.cc(73)] ReadMemory at 0x14668127640 of 132 bytes failed: Only part of a ReadProcessMemory or WriteProcessMemory request was completed. (0x12B)
[1130/073448.781:ERROR:process_memory_win.cc(73)] ReadMemory at 0x146681279d0 of 132 bytes failed: Only part of a ReadProcessMemory or WriteProcessMemory request was completed. (0x12B)
[1130/073448.781:ERROR:process_memory_win.cc(73)] ReadMemory at 0x14668127fc0 of 132 bytes failed: Only part of a ReadProcessMemory or WriteProcessMemory request was completed. (0x12B)
[1130/073448.781:ERROR:process_memory_win.cc(73)] ReadMemory at 0x1466817f160 of 62 bytes failed: Only part of a ReadProcessMemory or WriteProcessMemory request was completed. (0x12B)
[1130/073448.781:ERROR:process_memory_win.cc(73)] ReadMemory at 0x1466817f570 of 64 bytes failed: Only part of a ReadProcessMemory or WriteProcessMemory request was completed. (0x12B)
[1130/073448.781:ERROR:process_memory_win.cc(73)] ReadMemory at 0x1466826c990 of 62 bytes failed: Only part of a ReadProcessMemory or WriteProcessMemory request was completed. (0x12B)
[1130/073448.781:ERROR:process_memory_win.cc(73)] ReadMemory at 0x146682ef070 of 74 bytes failed: Only part of a ReadProcessMemory or WriteProcessMemory request was completed. (0x12B)
[1130/073448.781:ERROR:process_memory_win.cc(73)] ReadMemory at 0x146682fca90 of 66 bytes failed: Only part of a ReadProcessMemory or WriteProcessMemory request was completed. (0x12B)
[1130/073448.781:ERROR:process_memory_win.cc(73)] ReadMemory at 0x7ffdd4e10000 of 384 bytes failed: Only part of a ReadProcessMemory or WriteProcessMemory request was completed. (0x12B)
[1130/073448.781:ERROR:process_memory_win.cc(73)] ReadMemory at 0x7ffdd554ae60 of 512 bytes failed: Only part of a ReadProcessMemory or WriteProcessMemory request was completed. (0x12B)
[1130/073448.781:ERROR:process_memory_win.cc(73)] ReadMemory at 0x7ffddc5b3ff0 of 512 bytes failed: Only part of a ReadProcessMemory or WriteProcessMemory request was completed. (0x12B)
[1130/073448.782:ERROR:file_io_win.cc(162)] CreateFile C:\Users\cod18\AppData\Local\Temp\scoped_dir11876_1796956872\Crashpad\settings.dat: The system cannot find the file specified. (0x2)
[1130/123148.179:ERROR:directory_reader_win.cc(43)] FindFirstFile: The system cannot find the path specified. (0x3)
[1130/171431.047:ERROR:directory_reader_win.cc(43)] FindFirstFile: The system cannot find the path specified. (0x3)
[1130/193638.080:ERROR:directory_reader_win.cc(43)] FindFirstFile: The system cannot find the path specified. (0x3)
[1201/072055.956:ERROR:directory_reader_win.cc(43)] FindFirstFile: The system cannot find the path specified. (0x3)
[1201/115009.215:ERROR:directory_reader_win.cc(43)] FindFirstFile: The system cannot find the path specified. (0x3)
[1201/141023.696:ERROR:directory_reader_win.cc(43)] FindFirstFile: The system cannot find the path specified. (0x3)
[1201/185532.330:ERROR:directory_reader_win.cc(43)] FindFirstFile: The system cannot find the path specified. (0x3)
[1202/121411.398:ERROR:directory_reader_win.cc(43)] FindFirstFile: The system cannot find the path specified. (0x3)
[1202/191134.706:ERROR:process_memory_win.cc(73)] ReadMemory at 0xc447300000 of 1048576 bytes failed: Only part of a ReadProcessMemory or WriteProcessMemory request was completed. (0x12B)
[1202/191134.708:ERROR:process_memory_win.cc(73)] ReadMemory at 0xc444250000 of 6024 bytes failed: Only part of a ReadProcessMemory or WriteProcessMemory request was completed. (0x12B)
[1202/191134.708:ERROR:process_memory_win.cc(73)] ReadMemory at 0xc444377000 of 852 bytes failed: Only part of a ReadProcessMemory or WriteProcessMemory request was completed. (0x12B)
[1202/191134.708:ERROR:process_memory_win.cc(73)] ReadMemory at 0x238a1270fe0 of 9530 bytes failed: Only part of a ReadProcessMemory or WriteProcessMemory request was completed. (0x12B)
[1202/191134.708:ERROR:process_memory_win.cc(73)] ReadMemory at 0x238a1273530 of 1012 bytes failed: Only part of a ReadProcessMemory or WriteProcessMemory request was completed. (0x12B)
[1202/191134.708:ERROR:process_memory_win.cc(73)] ReadMemory at 0x238a1273b78 of 118 bytes failed: Only part of a ReadProcessMemory or WriteProcessMemory request was completed. (0x12B)
[1202/191134.708:ERROR:process_memory_win.cc(73)] ReadMemory at 0x238a1273bf0 of 1218 bytes failed: Only part of a ReadProcessMemory or WriteProcessMemory request was completed. (0x12B)
[1202/191134.708:ERROR:process_memory_win.cc(73)] ReadMemory at 0x238a12740b4 of 118 bytes failed: Only part of a ReadProcessMemory or WriteProcessMemory request was completed. (0x12B)
[1202/191134.708:ERROR:process_memory_win.cc(73)] ReadMemory at 0x238a127412c of 96 bytes failed: Only part of a ReadProcessMemory or WriteProcessMemory request was completed. (0x12B)
[1202/191134.708:ERROR:process_memory_win.cc(73)] ReadMemory at 0x238a12741a0 of 58 bytes failed: Only part of a ReadProcessMemory or WriteProcessMemory request was completed. (0x12B)
[1202/191134.708:ERROR:process_memory_win.cc(73)] ReadMemory at 0x238a12742a0 of 132 bytes failed: Only part of a ReadProcessMemory or WriteProcessMemory request was completed. (0x12B)
[1202/191134.708:ERROR:process_memory_win.cc(73)] ReadMemory at 0x238a1274430 of 132 bytes failed: Only part of a ReadProcessMemory or WriteProcessMemory request was completed. (0x12B)
[1202/191134.708:ERROR:process_memory_win.cc(73)] ReadMemory at 0x238a12745f0 of 126 bytes failed: Only part of a ReadProcessMemory or WriteProcessMemory request was completed. (0x12B)
[1202/191134.708:ERROR:process_memory_win.cc(73)] ReadMemory at 0x238a1274af0 of 132 bytes failed: Only part of a ReadProcessMemory or WriteProcessMemory request was completed. (0x12B)
[1202/191134.708:ERROR:process_memory_win.cc(73)] ReadMemory at 0x238a1274c80 of 64 bytes failed: Only part of a ReadProcessMemory or WriteProcessMemory request was completed. (0x12B)
[1202/191134.708:ERROR:process_memory_win.cc(73)] ReadMemory at 0x238a1274e40 of 132 bytes failed: Only part of a ReadProcessMemory or WriteProcessMemory request was completed. (0x12B)
[1202/191134.708:ERROR:process_memory_win.cc(73)] ReadMemory at 0x238a12750f0 of 132 bytes failed: Only part of a ReadProcessMemory or WriteProcessMemory request was completed. (0x12B)
[1202/191134.708:ERROR:process_memory_win.cc(73)] ReadMemory at 0x238a1275280 of 68 bytes failed: Only part of a ReadProcessMemory or WriteProcessMemory request was completed. (0x12B)
[1202/191134.708:ERROR:process_memory_win.cc(73)] ReadMemory at 0x238a1276430 of 132 bytes failed: Only part of a ReadProcessMemory or WriteProcessMemory request was completed. (0x12B)
[1202/191134.708:ERROR:process_memory_win.cc(73)] ReadMemory at 0x238a1276560 of 154 bytes failed: Only part of a ReadProcessMemory or WriteProcessMemory request was completed. (0x12B)
[1202/191134.709:ERROR:process_memory_win.cc(73)] ReadMemory at 0x238a12772b0 of 62 bytes failed: Only part of a ReadProcessMemory or WriteProcessMemory request was completed. (0x12B)
[1202/191134.709:ERROR:process_memory_win.cc(73)] ReadMemory at 0x238a12774a0 of 132 bytes failed: Only part of a ReadProcessMemory or WriteProcessMemory request was completed. (0x12B)
[1202/191134.709:ERROR:process_memory_win.cc(73)] ReadMemory at 0x238a12775d0 of 60 bytes failed: Only part of a ReadProcessMemory or WriteProcessMemory request was completed. (0x12B)
[1202/191134.709:ERROR:process_memory_win.cc(73)] ReadMemory at 0x238a127dca0 of 80 bytes failed: Only part of a ReadProcessMemory or WriteProcessMemory request was completed. (0x12B)
[1202/191134.709:ERROR:process_memory_win.cc(73)] ReadMemory at 0x238a1280fb0 of 62 bytes failed: Only part of a ReadProcessMemory or WriteProcessMemory request was completed. (0x12B)
[1202/191134.709:ERROR:process_memory_win.cc(73)] ReadMemory at 0x238a12853d0 of 132 bytes failed: Only part of a ReadProcessMemory or WriteProcessMemory request was completed. (0x12B)
[1202/191134.709:ERROR:process_memory_win.cc(73)] ReadMemory at 0x238a1285680 of 132 bytes failed: Only part of a ReadProcessMemory or WriteProcessMemory request was completed. (0x12B)
[1202/191134.709:ERROR:process_memory_win.cc(73)] ReadMemory at 0x238a1285900 of 132 bytes failed: Only part of a ReadProcessMemory or WriteProcessMemory request was completed. (0x12B)
[1202/191134.709:ERROR:process_memory_win.cc(73)] ReadMemory at 0x238a1285a80 of 132 bytes failed: Only part of a ReadProcessMemory or WriteProcessMemory request was completed. (0x12B)
[1202/191134.709:ERROR:process_memory_win.cc(73)] ReadMemory at 0x238a1285bb0 of 132 bytes failed: Only part of a ReadProcessMemory or WriteProcessMemory request was completed. (0x12B)
[1202/191134.709:ERROR:process_memory_win.cc(73)] ReadMemory at 0x238a1285ce0 of 132 bytes failed: Only part of a ReadProcessMemory or WriteProcessMemory request was completed. (0x12B)
[1202/191134.709:ERROR:process_memory_win.cc(73)] ReadMemory at 0x238a1285f40 of 132 bytes failed: Only part of a ReadProcessMemory or WriteProcessMemory request was completed. (0x12B)
[1202/191134.709:ERROR:process_memory_win.cc(73)] ReadMemory at 0x238a1286070 of 132 bytes failed: Only part of a ReadProcessMemory or WriteProcessMemory request was completed. (0x12B)
[1202/191134.709:ERROR:process_memory_win.cc(73)] ReadMemory at 0x238a12861a0 of 132 bytes failed: Only part of a ReadProcessMemory or WriteProcessMemory request was completed. (0x12B)
[1202/191134.709:ERROR:process_memory_win.cc(73)] ReadMemory at 0x238a12862d0 of 132 bytes failed: Only part of a ReadProcessMemory or WriteProcessMemory request was completed. (0x12B)
[1202/191134.709:ERROR:process_memory_win.cc(73)] ReadMemory at 0x238a1286400 of 132 bytes failed: Only part of a ReadProcessMemory or WriteProcessMemory request was completed. (0x12B)
[1202/191134.709:ERROR:process_memory_win.cc(73)] ReadMemory at 0x238a1286530 of 132 bytes failed: Only part of a ReadProcessMemory or WriteProcessMemory request was completed. (0x12B)
[1202/191134.709:ERROR:process_memory_win.cc(73)] ReadMemory at 0x238a1286660 of 132 bytes failed: Only part of a ReadProcessMemory or WriteProcessMemory request was completed. (0x12B)
[1202/191134.709:ERROR:process_memory_win.cc(73)] ReadMemory at 0x238a1286790 of 132 bytes failed: Only part of a ReadProcessMemory or WriteProcessMemory request was completed. (0x12B)
[1202/191134.709:ERROR:process_memory_win.cc(73)] ReadMemory at 0x238a12868c0 of 132 bytes failed: Only part of a ReadProcessMemory or WriteProcessMemory request was completed. (0x12B)
[1202/191134.709:ERROR:process_memory_win.cc(73)] ReadMemory at 0x238a1287420 of 76 bytes failed: Only part of a ReadProcessMemory or WriteProcessMemory request was completed. (0x12B)
[1202/191134.709:ERROR:process_memory_win.cc(73)] ReadMemory at 0x238a12874e0 of 80 bytes failed: Only part of a ReadProcessMemory or WriteProcessMemory request was completed. (0x12B)
[1202/191134.709:ERROR:process_memory_win.cc(73)] ReadMemory at 0x238a128a8d0 of 132 bytes failed: Only part of a ReadProcessMemory or WriteProcessMemory request was completed. (0x12B)
[1202/191134.709:ERROR:process_memory_win.cc(73)] ReadMemory at 0x238a128c5c0 of 132 bytes failed: Only part of a ReadProcessMemory or WriteProcessMemory request was completed. (0x12B)
[1202/191134.709:ERROR:process_memory_win.cc(73)] ReadMemory at 0x238a128c7e0 of 132 bytes failed: Only part of a ReadProcessMemory or WriteProcessMemory request was completed. (0x12B)
[1202/191134.710:ERROR:process_memory_win.cc(73)] ReadMemory at 0x238a128cae0 of 62 bytes failed: Only part of a ReadProcessMemory or WriteProcessMemory request was completed. (0x12B)
[1202/191134.710:ERROR:process_memory_win.cc(73)] ReadMemory at 0x238a128cb30 of 62 bytes failed: Only part of a ReadProcessMemory or WriteProcessMemory request was completed. (0x12B)
[1202/191134.710:ERROR:process_memory_win.cc(73)] ReadMemory at 0x238a128cc20 of 64 bytes failed: Only part of a ReadProcessMemory or WriteProcessMemory request was completed. (0x12B)
[1202/191134.710:ERROR:process_memory_win.cc(73)] ReadMemory at 0x238a128cc70 of 64 bytes failed: Only part of a ReadProcessMemory or WriteProcessMemory request was completed. (0x12B)
[1202/191134.710:ERROR:process_memory_win.cc(73)] ReadMemory at 0x238a128cd60 of 64 bytes failed: Only part of a ReadProcessMemory or WriteProcessMemory request was completed. (0x12B)
[1202/191134.710:ERROR:process_memory_win.cc(73)] ReadMemory at 0x238a128cdb0 of 62 bytes failed: Only part of a ReadProcessMemory or WriteProcessMemory request was completed. (0x12B)
[1202/191134.710:ERROR:process_memory_win.cc(73)] ReadMemory at 0x238a128ce00 of 60 bytes failed: Only part of a ReadProcessMemory or WriteProcessMemory request was completed. (0x12B)
[1202/191134.710:ERROR:process_memory_win.cc(73)] ReadMemory at 0x238a128cf90 of 62 bytes failed: Only part of a ReadProcessMemory or WriteProcessMemory request was completed. (0x12B)
[1202/191134.710:ERROR:process_memory_win.cc(73)] ReadMemory at 0x238a128cfe0 of 64 bytes failed: Only part of a ReadProcessMemory or WriteProcessMemory request was completed. (0x12B)
[1202/191134.710:ERROR:process_memory_win.cc(73)] ReadMemory at 0x238a128d030 of 62 bytes failed: Only part of a ReadProcessMemory or WriteProcessMemory request was completed. (0x12B)
[1202/191134.710:ERROR:process_memory_win.cc(73)] ReadMemory at 0x238a128d120 of 60 bytes failed: Only part of a ReadProcessMemory or WriteProcessMemory request was completed. (0x12B)
[1202/191134.710:ERROR:process_memory_win.cc(73)] ReadMemory at 0x238a128d1c0 of 62 bytes failed: Only part of a ReadProcessMemory or WriteProcessMemory request was completed. (0x12B)
[1202/191134.710:ERROR:process_memory_win.cc(73)] ReadMemory at 0x238a128d300 of 66 bytes failed: Only part of a ReadProcessMemory or WriteProcessMemory request was completed. (0x12B)
[1202/191134.710:ERROR:process_memory_win.cc(73)] ReadMemory at 0x238a128d3f0 of 64 bytes failed: Only part of a ReadProcessMemory or WriteProcessMemory request was completed. (0x12B)
[1202/191134.710:ERROR:process_memory_win.cc(73)] ReadMemory at 0x238a128d440 of 66 bytes failed: Only part of a ReadProcessMemory or WriteProcessMemory request was completed. (0x12B)
[1202/191134.710:ERROR:process_memory_win.cc(73)] ReadMemory at 0x238a128d530 of 62 bytes failed: Only part of a ReadProcessMemory or WriteProcessMemory request was completed. (0x12B)
[1202/191134.710:ERROR:process_memory_win.cc(73)] ReadMemory at 0x238a128d580 of 60 bytes failed: Only part of a ReadProcessMemory or WriteProcessMemory request was completed. (0x12B)
[1202/191134.710:ERROR:process_memory_win.cc(73)] ReadMemory at 0x238a128d5d0 of 62 bytes failed: Only part of a ReadProcessMemory or WriteProcessMemory request was completed. (0x12B)
[1202/191134.710:ERROR:process_memory_win.cc(73)] ReadMemory at 0x238a128d620 of 64 bytes failed: Only part of a ReadProcessMemory or WriteProcessMemory request was completed. (0x12B)
[1202/191134.710:ERROR:process_memory_win.cc(73)] ReadMemory at 0x238a128d670 of 62 bytes failed: Only part of a ReadProcessMemory or WriteProcessMemory request was completed. (0x12B)
[1202/191134.710:ERROR:process_memory_win.cc(73)] ReadMemory at 0x238a128d710 of 60 bytes failed: Only part of a ReadProcessMemory or WriteProcessMemory request was completed. (0x12B)
[1202/191134.710:ERROR:process_memory_win.cc(73)] ReadMemory at 0x238a128d7b0 of 64 bytes failed: Only part of a ReadProcessMemory or WriteProcessMemory request was completed. (0x12B)
[1202/191134.710:ERROR:process_memory_win.cc(73)] ReadMemory at 0x238a128d850 of 60 bytes failed: Only part of a ReadProcessMemory or WriteProcessMemory request was completed. (0x12B)
[1202/191134.710:ERROR:process_memory_win.cc(73)] ReadMemory at 0x238a128d8f0 of 58 bytes failed: Only part of a ReadProcessMemory or WriteProcessMemory request was completed. (0x12B)
[1202/191134.711:ERROR:process_memory_win.cc(73)] ReadMemory at 0x238a128d940 of 64 bytes failed: Only part of a ReadProcessMemory or WriteProcessMemory request was completed. (0x12B)
[1202/191134.711:ERROR:process_memory_win.cc(73)] ReadMemory at 0x238a128d990 of 60 bytes failed: Only part of a ReadProcessMemory or WriteProcessMemory request was completed. (0x12B)
[1202/191134.711:ERROR:process_memory_win.cc(73)] ReadMemory at 0x238a128deb0 of 54 bytes failed: Only part of a ReadProcessMemory or WriteProcessMemory request was completed. (0x12B)
[1202/191134.711:ERROR:process_memory_win.cc(73)] ReadMemory at 0x238a128f3a0 of 132 bytes failed: Only part of a ReadProcessMemory or WriteProcessMemory request was completed. (0x12B)
[1202/191134.711:ERROR:process_memory_win.cc(73)] ReadMemory at 0x238a1291a30 of 146 bytes failed: Only part of a ReadProcessMemory or WriteProcessMemory request was completed. (0x12B)
[1202/191134.711:ERROR:process_memory_win.cc(73)] ReadMemory at 0x238a1295c40 of 132 bytes failed: Only part of a ReadProcessMemory or WriteProcessMemory request was completed. (0x12B)
[1202/191134.711:ERROR:process_memory_win.cc(73)] ReadMemory at 0x238a1295e50 of 132 bytes failed: Only part of a ReadProcessMemory or WriteProcessMemory request was completed. (0x12B)
[1202/191134.711:ERROR:process_memory_win.cc(73)] ReadMemory at 0x238a1295fd0 of 132 bytes failed: Only part of a ReadProcessMemory or WriteProcessMemory request was completed. (0x12B)
[1202/191134.711:ERROR:process_memory_win.cc(73)] ReadMemory at 0x238a1296100 of 132 bytes failed: Only part of a ReadProcessMemory or WriteProcessMemory request was completed. (0x12B)
[1202/191134.711:ERROR:process_memory_win.cc(73)] ReadMemory at 0x238a1296230 of 132 bytes failed: Only part of a ReadProcessMemory or WriteProcessMemory request was completed. (0x12B)
[1202/191134.711:ERROR:process_memory_win.cc(73)] ReadMemory at 0x238a1296360 of 132 bytes failed: Only part of a ReadProcessMemory or WriteProcessMemory request was completed. (0x12B)
[1202/191134.711:ERROR:process_memory_win.cc(73)] ReadMemory at 0x238a12965c0 of 132 bytes failed: Only part of a ReadProcessMemory or WriteProcessMemory request was completed. (0x12B)
[1202/191134.711:ERROR:process_memory_win.cc(73)] ReadMemory at 0x238a1296820 of 132 bytes failed: Only part of a ReadProcessMemory or WriteProcessMemory request was completed. (0x12B)
[1202/191134.711:ERROR:process_memory_win.cc(73)] ReadMemory at 0x238a1296950 of 132 bytes failed: Only part of a ReadProcessMemory or WriteProcessMemory request was completed. (0x12B)
[1202/191134.711:ERROR:process_memory_win.cc(73)] ReadMemory at 0x238a1296a80 of 132 bytes failed: Only part of a ReadProcessMemory or WriteProcessMemory request was completed. (0x12B)
[1202/191134.711:ERROR:process_memory_win.cc(73)] ReadMemory at 0x238a1296bb0 of 132 bytes failed: Only part of a ReadProcessMemory or WriteProcessMemory request was completed. (0x12B)
[1202/191134.711:ERROR:process_memory_win.cc(73)] ReadMemory at 0x238a1296ce0 of 132 bytes failed: Only part of a ReadProcessMemory or WriteProcessMemory request was completed. (0x12B)
[1202/191134.711:ERROR:process_memory_win.cc(73)] ReadMemory at 0x238a1296e10 of 132 bytes failed: Only part of a ReadProcessMemory or WriteProcessMemory request was completed. (0x12B)
[1202/191134.711:ERROR:process_memory_win.cc(73)] ReadMemory at 0x238a1296f40 of 132 bytes failed: Only part of a ReadProcessMemory or WriteProcessMemory request was completed. (0x12B)
[1202/191134.711:ERROR:process_memory_win.cc(73)] ReadMemory at 0x238a1297070 of 132 bytes failed: Only part of a ReadProcessMemory or WriteProcessMemory request was completed. (0x12B)
[1202/191134.711:ERROR:process_memory_win.cc(73)] ReadMemory at 0x238a12971a0 of 132 bytes failed: Only part of a ReadProcessMemory or WriteProcessMemory request was completed. (0x12B)
[1202/191134.711:ERROR:process_memory_win.cc(73)] ReadMemory at 0x238a12972d0 of 132 bytes failed: Only part of a ReadProcessMemory or WriteProcessMemory request was completed. (0x12B)
[1202/191134.711:ERROR:process_memory_win.cc(73)] ReadMemory at 0x238a1297400 of 132 bytes failed: Only part of a ReadProcessMemory or WriteProcessMemory request was completed. (0x12B)
[1202/191134.711:ERROR:process_memory_win.cc(73)] ReadMemory at 0x238a1297530 of 132 bytes failed: Only part of a ReadProcessMemory or WriteProcessMemory request was completed. (0x12B)
[1202/191134.711:ERROR:process_memory_win.cc(73)] ReadMemory at 0x238a1297660 of 132 bytes failed: Only part of a ReadProcessMemory or WriteProcessMemory request was completed. (0x12B)
[1202/191134.711:ERROR:process_memory_win.cc(73)] ReadMemory at 0x238a1297790 of 132 bytes failed: Only part of a ReadProcessMemory or WriteProcessMemory request was completed. (0x12B)
[1202/191134.712:ERROR:process_memory_win.cc(73)] ReadMemory at 0x238a12978c0 of 132 bytes failed: Only part of a ReadProcessMemory or WriteProcessMemory request was completed. (0x12B)
[1202/191134.712:ERROR:process_memory_win.cc(73)] ReadMemory at 0x238a12979f0 of 132 bytes failed: Only part of a ReadProcessMemory or WriteProcessMemory request was completed. (0x12B)
[1202/191134.712:ERROR:process_memory_win.cc(73)] ReadMemory at 0x238a1297d80 of 132 bytes failed: Only part of a ReadProcessMemory or WriteProcessMemory request was completed. (0x12B)
[1202/191134.712:ERROR:process_memory_win.cc(73)] ReadMemory at 0x238a12b2570 of 78 bytes failed: Only part of a ReadProcessMemory or WriteProcessMemory request was completed. (0x12B)
[1202/191134.712:ERROR:process_memory_win.cc(73)] ReadMemory at 0x238a12bd090 of 58 bytes failed: Only part of a ReadProcessMemory or WriteProcessMemory request was completed. (0x12B)
[1202/191134.712:ERROR:process_memory_win.cc(73)] ReadMemory at 0x238a12bd0e0 of 62 bytes failed: Only part of a ReadProcessMemory or WriteProcessMemory request was completed. (0x12B)
[1202/191134.712:ERROR:process_memory_win.cc(73)] ReadMemory at 0x238a12bd130 of 66 bytes failed: Only part of a ReadProcessMemory or WriteProcessMemory request was completed. (0x12B)
[1202/191134.712:ERROR:process_memory_win.cc(73)] ReadMemory at 0x238a12bd4f0 of 60 bytes failed: Only part of a ReadProcessMemory or WriteProcessMemory request was completed. (0x12B)
[1202/191134.712:ERROR:process_memory_win.cc(73)] ReadMemory at 0x238a12bdb30 of 62 bytes failed: Only part of a ReadProcessMemory or WriteProcessMemory request was completed. (0x12B)
[1202/191134.712:ERROR:process_memory_win.cc(73)] ReadMemory at 0x238a12bdc20 of 60 bytes failed: Only part of a ReadProcessMemory or WriteProcessMemory request was completed. (0x12B)
[1202/191134.712:ERROR:process_memory_win.cc(73)] ReadMemory at 0x238a12bde00 of 64 bytes failed: Only part of a ReadProcessMemory or WriteProcessMemory request was completed. (0x12B)
[1202/191134.712:ERROR:process_memory_win.cc(73)] ReadMemory at 0x238a12bde50 of 58 bytes failed: Only part of a ReadProcessMemory or WriteProcessMemory request was completed. (0x12B)
[1202/191134.712:ERROR:process_memory_win.cc(73)] ReadMemory at 0x238a12bdea0 of 58 bytes failed: Only part of a ReadProcessMemory or WriteProcessMemory request was completed. (0x12B)
[1202/191134.712:ERROR:process_memory_win.cc(73)] ReadMemory at 0x238a12bdef0 of 62 bytes failed: Only part of a ReadProcessMemory or WriteProcessMemory request was completed. (0x12B)
[1202/191134.713:ERROR:file_io_win.cc(162)] CreateFile C:\Users\cod18\AppData\Local\Temp\scoped_dir14996_240779533\Crashpad\settings.dat: The system cannot find the file specified. (0x2)
[1202/191134.714:ERROR:scoped_process_suspend.cc(40)] NtResumeProcess: An attempt was made to access an exiting process. (0xc000010a)
[1202/192150.473:ERROR:directory_reader_win.cc(43)] FindFirstFile: The system cannot find the path specified. (0x3)
[1203/113407.180:ERROR:directory_reader_win.cc(43)] FindFirstFile: The system cannot find the path specified. (0x3)
[1203/202924.064:ERROR:directory_reader_win.cc(43)] FindFirstFile: The system cannot find the path specified. (0x3)
[1204/072629.291:ERROR:directory_reader_win.cc(43)] FindFirstFile: The system cannot find the path specified. (0x3)
[1204/121345.185:ERROR:directory_reader_win.cc(43)] FindFirstFile: The system cannot find the path specified. (0x3)
[1205/124225.036:ERROR:directory_reader_win.cc(43)] FindFirstFile: The system cannot find the path specified. (0x3)
[1206/112839.433:ERROR:directory_reader_win.cc(43)] FindFirstFile: The system cannot find the path specified. (0x3)
[1206/203032.545:ERROR:directory_reader_win.cc(43)] FindFirstFile: The system cannot find the path specified. (0x3)
[1207/185531.203:ERROR:directory_reader_win.cc(43)] FindFirstFile: The system cannot find the path specified. (0x3)
[1208/085522.065:ERROR:directory_reader_win.cc(43)] FindFirstFile: The system cannot find the path specified. (0x3)
[1208/104514.892:ERROR:process_memory_win.cc(73)] ReadMemory at 0x7ff7206a0000 of 64 bytes failed: Only part of a ReadProcessMemory or WriteProcessMemory request was completed. (0x12B)
[1208/104514.892:WARNING:pe_image_reader.cc(340)] could not read dos header from C:\Program Files\Google\Chrome\Application\chrome.exe
[1208/104514.892:ERROR:process_memory_win.cc(73)] ReadMemory at 0x7ffd45de0000 of 64 bytes failed: Only part of a ReadProcessMemory or WriteProcessMemory request was completed. (0x12B)
[1208/104514.892:WARNING:pe_image_reader.cc(340)] could not read dos header from C:\Program Files\Google\Chrome\Application\87.0.4280.88\chrome_elf.dll
[1208/104514.892:ERROR:process_memory_win.cc(73)] ReadMemory at 0x7ffd71450000 of 64 bytes failed: Only part of a ReadProcessMemory or WriteProcessMemory request was completed. (0x12B)
[1208/104514.892:WARNING:pe_image_reader.cc(340)] could not read dos header from C:\Windows\SYSTEM32\VERSION.dll
[1208/104514.892:ERROR:process_memory_win.cc(73)] ReadMemory at 0x7ffd311d0000 of 64 bytes failed: Only part of a ReadProcessMemory or WriteProcessMemory request was completed. (0x12B)
[1208/104514.892:WARNING:pe_image_reader.cc(340)] could not read dos header from C:\Program Files\Google\Chrome\Application\87.0.4280.88\chrome.dll
[1208/104514.892:ERROR:process_memory_win.cc(73)] ReadMemory at 0x7ffd784b0000 of 64 bytes failed: Only part of a ReadProcessMemory or WriteProcessMemory request was completed. (0x12B)
[1208/104514.892:WARNING:pe_image_reader.cc(340)] could not read dos header from C:\Windows\System32\msvcp_win.dll
[1208/104514.892:ERROR:process_memory_win.cc(73)] ReadMemory at 0x7ffd78b90000 of 64 bytes failed: Only part of a ReadProcessMemory or WriteProcessMemory request was completed. (0x12B)
[1208/104514.892:WARNING:pe_image_reader.cc(340)] could not read dos header from C:\Windows\System32\WINTRUST.dll
[1208/104514.892:ERROR:process_memory_win.cc(73)] ReadMemory at 0x7ffd78980000 of 64 bytes failed: Only part of a ReadProcessMemory or WriteProcessMemory request was completed. (0x12B)
[1208/104514.892:WARNING:pe_image_reader.cc(340)] could not read dos header from C:\Windows\System32\CRYPT32.dll
[1208/104514.892:ERROR:process_memory_win.cc(73)] ReadMemory at 0x7ffd62590000 of 64 bytes failed: Only part of a ReadProcessMemory or WriteProcessMemory request was completed. (0x12B)
[1208/104514.892:WARNING:pe_image_reader.cc(340)] could not read dos header from C:\Windows\SYSTEM32\dbghelp.dll
[1208/104514.892:ERROR:process_memory_win.cc(73)] ReadMemory at 0x7ffd77940000 of 64 bytes failed: Only part of a ReadProcessMemory or WriteProcessMemory request was completed. (0x12B)
[1208/104514.892:WARNING:pe_image_reader.cc(340)] could not read dos header from C:\Windows\SYSTEM32\IPHLPAPI.DLL
[1208/104514.892:ERROR:process_memory_win.cc(73)] ReadMemory at 0x7ffd674b0000 of 64 bytes failed: Only part of a ReadProcessMemory or WriteProcessMemory request was completed. (0x12B)
[1208/104514.892:WARNING:pe_image_reader.cc(340)] could not read dos header from C:\Windows\SYSTEM32\WINMM.dll
[1208/104514.892:ERROR:process_memory_win.cc(73)] ReadMemory at 0x7ffd4c5e0000 of 64 bytes failed: Only part of a ReadProcessMemory or WriteProcessMemory request was completed. (0x12B)
[1208/104514.892:WARNING:pe_image_reader.cc(340)] could not read dos header from C:\Windows\SYSTEM32\UIAutomationCore.DLL
[1208/104514.892:ERROR:process_memory_win.cc(73)] ReadMemory at 0x7ffd52de0000 of 64 bytes failed: Only part of a ReadProcessMemory or WriteProcessMemory request was completed. (0x12B)
[1208/104514.892:WARNING:pe_image_reader.cc(340)] could not read dos header from C:\Windows\SYSTEM32\Secur32.dll
[1208/104514.892:ERROR:process_memory_win.cc(73)] ReadMemory at 0x7ffd56010000 of 64 bytes failed: Only part of a ReadProcessMemory or WriteProcessMemory request was completed. (0x12B)
[1208/104514.892:WARNING:pe_image_reader.cc(340)] could not read dos header from C:\Windows\SYSTEM32\DWrite.dll
[1208/104514.892:ERROR:process_memory_win.cc(73)] ReadMemory at 0x7ffd78360000 of 64 bytes failed: Only part of a ReadProcessMemory or WriteProcessMemory request was completed. (0x12B)
[1208/104514.892:WARNING:pe_image_reader.cc(340)] could not read dos header from C:\Windows\SYSTEM32\USERENV.dll
[1208/104514.892:ERROR:process_memory_win.cc(73)] ReadMemory at 0x7ffd68990000 of 64 bytes failed: Only part of a ReadProcessMemory or WriteProcessMemory request was completed. (0x12B)
[1208/104514.892:WARNING:pe_image_reader.cc(340)] could not read dos header from C:\Windows\SYSTEM32\WINHTTP.dll
[1208/104514.892:ERROR:process_memory_win.cc(73)] ReadMemory at 0x7ffd70150000 of 64 bytes failed: Only part of a ReadProcessMemory or WriteProcessMemory request was completed. (0x12B)
[1208/104514.892:WARNING:pe_image_reader.cc(340)] could not read dos header from C:\Windows\SYSTEM32\dhcpcsvc.DLL
[1208/110917.148:ERROR:directory_reader_win.cc(43)] FindFirstFile: The system cannot find the path specified. (0x3)
[1208/123247.421:ERROR:directory_reader_win.cc(43)] FindFirstFile: The system cannot find the path specified. (0x3)
[1208/131702.449:ERROR:directory_reader_win.cc(43)] FindFirstFile: The system cannot find the path specified. (0x3)
[1208/133043.181:ERROR:process_info.cc(329)] VirtualQueryEx: Access is denied. (0x5)
[1208/133043.181:ERROR:process_info.cc(556)] ReadMemoryInfo failed
[1208/133043.181:ERROR:process_memory_win.cc(39)] Failed to initialize ProcessInfo.
[1208/133043.181:ERROR:scoped_process_suspend.cc(40)] NtResumeProcess: An attempt was made to access an exiting process. (0xc000010a)
[1208/141026.043:ERROR:directory_reader_win.cc(43)] FindFirstFile: The system cannot find the path specified. (0x3)
[1208/202507.213:ERROR:directory_reader_win.cc(43)] FindFirstFile: The system cannot find the path specified. (0x3)
[1209/095917.007:ERROR:directory_reader_win.cc(43)] FindFirstFile: The system cannot find the path specified. (0x3)
[1209/103422.244:ERROR:directory_reader_win.cc(43)] FindFirstFile: The system cannot find the path specified. (0x3)
[1209/122454.336:ERROR:directory_reader_win.cc(43)] FindFirstFile: The system cannot find the path specified. (0x3)
[1209/124114.281:ERROR:directory_reader_win.cc(43)] FindFirstFile: The system cannot find the path specified. (0x3)
[1209/125940.538:ERROR:process_reader_win.cc(151)] SuspendThread: Access is denied. (0x5)
[1209/125940.538:ERROR:exception_snapshot_win.cc(99)] thread ID 6380 not found in process
[1209/125940.538:ERROR:scoped_process_suspend.cc(40)] NtResumeProcess: An attempt was made to access an exiting process. (0xc000010a)
[1209/125940.759:ERROR:process_reader_win.cc(151)] SuspendThread: Access is denied. (0x5)
[1209/125940.760:ERROR:exception_snapshot_win.cc(99)] thread ID 14996 not found in process
[1209/125940.760:ERROR:scoped_process_suspend.cc(40)] NtResumeProcess: An attempt was made to access an exiting process. (0xc000010a)
[1209/125940.996:ERROR:process_reader_win.cc(151)] SuspendThread: Access is denied. (0x5)
[1209/125940.997:ERROR:exception_snapshot_win.cc(99)] thread ID 16376 not found in process
[1209/125940.997:ERROR:scoped_process_suspend.cc(40)] NtResumeProcess: An attempt was made to access an exiting process. (0xc000010a)
[1209/130104.964:ERROR:directory_reader_win.cc(43)] FindFirstFile: The system cannot find the path specified. (0x3)
